<?xml version="1.0" encoding="UTF-8"?>
<!-- Generated by org.testng.reporters.JUnitReportReporter -->
<testsuite ignored="0" hostname="DESKTOP-9B67UL0" failures="0" tests="1" name="com.sdet.SDET.Newuser" time="38.879" errors="0" timestamp="21 Dec 2019 17:22:40 GMT" skipped="0">
  <testcase classname="com.sdet.SDET.Newuser" name="newusertest" time="38.879"/>
</testsuite> <!-- com.sdet.SDET.Newuser -->
